<?xml version="1.0" encoding="UTF-8"?>
<!-- Generated by org.testng.reporters.JUnitReportReporter -->
<testsuite hostname="MSI" failures="0" tests="1" name="purchaseFlow_Tests.TC06_Click_on_Cancel_on_cart_page" time="0.695" errors="0" timestamp="2023-04-06T21:28:47 CST" skipped="0">
  <testcase classname="purchaseFlow_Tests.TC06_Click_on_Cancel_on_cart_page" name="TC06" time="0.695"/>
  <system-out/>
</testsuite> <!-- purchaseFlow_Tests.TC06_Click_on_Cancel_on_cart_page -->
