<?xml version="1.0" encoding="UTF-8"?>
<!-- Generated by org.testng.reporters.JUnitReportReporter -->
<testsuite hostname="MSI" failures="0" tests="1" name="purchaseFlow_Tests.TC05_Click_on_Continue_shopping_on_cart_page" time="0.579" errors="0" timestamp="2023-04-06T21:21:21 CST" skipped="0">
  <testcase classname="purchaseFlow_Tests.TC05_Click_on_Continue_shopping_on_cart_page" name="TC01" time="0.579"/>
  <system-out/>
</testsuite> <!-- purchaseFlow_Tests.TC05_Click_on_Continue_shopping_on_cart_page -->
