<?xml version="1.0" encoding="UTF-8"?>
<!-- Generated by org.testng.reporters.JUnitReportReporter -->
<testsuite ignored="0" hostname="MSI" failures="0" tests="1" name="loginTests.TC01_Login" time="0.207" errors="0" timestamp="03 dic. 2022 17:18:38 GMT" skipped="0">
  <testcase classname="loginTests.TC01_Login" name="TC01" time="0.207"/>
</testsuite> <!-- loginTests.TC01_Login -->
