<?xml version="1.0" encoding="UTF-8"?>
<!-- Generated by org.testng.reporters.JUnitReportReporter -->
<testsuite hostname="MSI" failures="0" tests="1" name="purchaseFlow_Tests.TC03_Remove_item_on_inventory_page" time="0.504" errors="0" timestamp="2023-04-06T21:03:39 CST" skipped="0">
  <testcase classname="purchaseFlow_Tests.TC03_Remove_item_on_inventory_page" name="TC03" time="0.504"/>
  <system-out/>
</testsuite> <!-- purchaseFlow_Tests.TC03_Remove_item_on_inventory_page -->
