<?xml version="1.0" encoding="UTF-8"?>
<!-- Generated by org.testng.reporters.JUnitReportReporter -->
<testsuite ignored="0" hostname="MSI" failures="0" tests="1" name="testSel.hardAssert" time="2.171" errors="0" timestamp="26 nov. 2022 16:31:11 GMT" skipped="0">
  <testcase classname="testSel.hardAssert" name="tc01" time="2.171"/>
</testsuite> <!-- testSel.hardAssert -->
