<?xml version="1.0" encoding="UTF-8"?>
<!-- Generated by org.testng.reporters.JUnitReportReporter -->
<testsuite hostname="MSI" failures="0" tests="1" name="purchaseFlow_Tests.TC04_Remove_item_on_cart_page" time="10.621" errors="0" timestamp="2023-04-06T21:09:16 CST" skipped="0">
  <testcase classname="purchaseFlow_Tests.TC04_Remove_item_on_cart_page" name="TC03" time="10.621"/>
  <system-out/>
</testsuite> <!-- purchaseFlow_Tests.TC04_Remove_item_on_cart_page -->
