<?xml version="1.0" encoding="UTF-8"?>
<!-- Generated by org.testng.reporters.JUnitReportReporter -->
<testsuite ignored="0" hostname="MSI" failures="0" tests="1" name="loginTests.TC05_LoginExcel" time="0.178" errors="0" timestamp="17 dic. 2022 15:49:14 GMT" skipped="0">
  <testcase classname="loginTests.TC05_LoginExcel" name="TC05" time="0.178"/>
</testsuite> <!-- loginTests.TC05_LoginExcel -->
