<?xml version="1.0" encoding="UTF-8"?>
<!-- Generated by org.testng.reporters.JUnitReportReporter -->
<testsuite ignored="0" hostname="MSI" failures="0" tests="1" name="loginTests.TC04_LoginJson" time="0.186" errors="0" timestamp="17 dic. 2022 15:00:37 GMT" skipped="0">
  <testcase classname="loginTests.TC04_LoginJson" name="TC04" time="0.186"/>
</testsuite> <!-- loginTests.TC04_LoginJson -->
