<?xml version="1.0" encoding="UTF-8"?>
<!-- Generated by org.testng.reporters.JUnitReportReporter -->
<testsuite ignored="0" hostname="MSI" failures="0" tests="1" name="loginTests.TC02_LoginLocked" time="0.382" errors="0" timestamp="02 dic. 2022 22:25:35 GMT" skipped="0">
  <testcase classname="loginTests.TC02_LoginLocked" name="TC_02" time="0.382"/>
</testsuite> <!-- loginTests.TC02_LoginLocked -->
