<?xml version="1.0" encoding="UTF-8"?>
<!-- Generated by org.testng.reporters.JUnitReportReporter -->
<testsuite hostname="MSI" failures="0" tests="1" name="purchaseFlow_Tests.TC07_Click_on_Cancel_on_checkout_step_two_page" time="1.012" errors="0" timestamp="2023-04-06T21:32:11 CST" skipped="0">
  <testcase classname="purchaseFlow_Tests.TC07_Click_on_Cancel_on_checkout_step_two_page" name="TC07" time="1.012"/>
  <system-out/>
</testsuite> <!-- purchaseFlow_Tests.TC07_Click_on_Cancel_on_checkout_step_two_page -->
