<?xml version="1.0" encoding="UTF-8"?>
<!-- Generated by org.testng.reporters.JUnitReportReporter -->
<testsuite hostname="MSI" failures="0" tests="1" name="purchaseFlow_Tests.TC02_PurchaseFlow_Buy_More_Than_One_Item" time="1.268" errors="0" timestamp="2023-04-06T21:37:50 CST" skipped="0">
  <testcase classname="purchaseFlow_Tests.TC02_PurchaseFlow_Buy_More_Than_One_Item" name="TC02" time="1.268"/>
  <system-out/>
</testsuite> <!-- purchaseFlow_Tests.TC02_PurchaseFlow_Buy_More_Than_One_Item -->
