<?xml version="1.0" encoding="UTF-8"?>
<!-- Generated by org.testng.reporters.JUnitReportReporter -->
<testsuite ignored="0" hostname="MSI" failures="0" tests="1" name="addToCart.TC03_AddBackPack" time="0.470" errors="0" timestamp="02 dic. 2022 22:22:55 GMT" skipped="0">
  <testcase classname="addToCart.TC03_AddBackPack" name="TC_03" time="0.470"/>
</testsuite> <!-- addToCart.TC03_AddBackPack -->
