<?xml version="1.0" encoding="UTF-8"?>
<!-- Generated by org.testng.reporters.JUnitReportReporter -->
<testsuite ignored="0" hostname="MSI" failures="0" tests="1" name="invetoryTests.TC03_VerifyRemoveCartBtn" time="0.269" errors="0" timestamp="03 dic. 2022 16:42:58 GMT" skipped="0">
  <testcase classname="invetoryTests.TC03_VerifyRemoveCartBtn" name="TC01" time="0.269"/>
</testsuite> <!-- invetoryTests.TC03_VerifyRemoveCartBtn -->
