<?xml version="1.0" encoding="UTF-8"?>
<!-- Generated by org.testng.reporters.JUnitReportReporter -->
<testsuite ignored="0" hostname="MSI" failures="0" tests="1" name="testSel.testSel" time="1.979" errors="0" timestamp="29 oct. 2022 15:57:45 GMT" skipped="0">
  <testcase classname="testSel.testSel" name="f" time="1.979"/>
</testsuite> <!-- testSel.testSel -->
